<?xml version="1.0" encoding="UTF-8"?>
<testng-results ignored="0" total="1" passed="1" failed="0" skipped="0">
  <reporter-output>
  </reporter-output>
  <suite started-at="2023-10-24T17:40:59 IST" name="Default suite" finished-at="2023-10-24T17:41:30 IST" duration-ms="30331">
    <groups>
    </groups>
    <test started-at="2023-10-24T17:40:59 IST" name="Default test" finished-at="2023-10-24T17:41:30 IST" duration-ms="30331">
      <class name="testpages.StarHealthPageTest2">
        <test-method is-config="true" signature="InitalizeExtentReport()[pri:0, instance:testpages.StarHealthPageTest2@477b4cdf]" started-at="2023-10-24T17:40:59 IST" name="InitalizeExtentReport" finished-at="2023-10-24T17:40:59 IST" duration-ms="519" status="PASS">
          <reporter-output>
          </reporter-output>
        </test-method> <!-- InitalizeExtentReport -->
        <test-method is-config="true" signature="Open_Browser(org.testng.ITestContext)[pri:0, instance:testpages.StarHealthPageTest2@477b4cdf]" started-at="2023-10-24T17:40:59 IST" name="Open_Browser" finished-at="2023-10-24T17:41:15 IST" duration-ms="15349" status="PASS">
          <params>
            <param index="0">
              <value>
                <![CDATA[org.testng.TestRunner@59edb4f5]]>
              </value>
            </param>
          </params>
          <reporter-output>
          </reporter-output>
        </test-method> <!-- Open_Browser -->
        <test-method signature="fetch_All_Link()[pri:0, instance:testpages.StarHealthPageTest2@477b4cdf]" started-at="2023-10-24T17:41:15 IST" name="fetch_All_Link" finished-at="2023-10-24T17:41:27 IST" duration-ms="12461" status="PASS">
          <reporter-output>
          </reporter-output>
        </test-method> <!-- fetch_All_Link -->
        <test-method is-config="true" signature="generateTestStatus(java.lang.reflect.Method,org.testng.ITestResult)[pri:0, instance:testpages.StarHealthPageTest2@477b4cdf]" started-at="2023-10-24T17:41:27 IST" name="generateTestStatus" finished-at="2023-10-24T17:41:27 IST" duration-ms="18" status="PASS">
          <params>
            <param index="0">
              <value>
                <![CDATA[public void testpages.StarHealthPageTest2.fetch_All_Link() throws java.lang.InterruptedException]]>
              </value>
            </param>
            <param index="1">
              <value>
                <![CDATA[[TestResult name=fetch_All_Link status=SUCCESS method=StarHealthPageTest2.fetch_All_Link()[pri:0, instance:testpages.StarHealthPageTest2@477b4cdf] output={null}]]]>
              </value>
            </param>
          </params>
          <reporter-output>
          </reporter-output>
        </test-method> <!-- generateTestStatus -->
        <test-method is-config="true" signature="close_Browser()[pri:0, instance:testpages.StarHealthPageTest2@477b4cdf]" started-at="2023-10-24T17:41:27 IST" name="close_Browser" finished-at="2023-10-24T17:41:30 IST" duration-ms="2384" status="PASS">
          <reporter-output>
          </reporter-output>
        </test-method> <!-- close_Browser -->
        <test-method is-config="true" signature="generateReports()[pri:0, instance:testpages.StarHealthPageTest2@477b4cdf]" started-at="2023-10-24T17:41:30 IST" name="generateReports" finished-at="2023-10-24T17:41:31 IST" duration-ms="1597" status="PASS">
          <reporter-output>
          </reporter-output>
        </test-method> <!-- generateReports -->
      </class> <!-- testpages.StarHealthPageTest2 -->
    </test> <!-- Default test -->
  </suite> <!-- Default suite -->
</testng-results>
